2021-09-14T13:06:41.215Z [__UNIFARM__] info: manifest loaded. cohorts found 15
2021-09-14T13:06:41.324Z [__UNIFARM__] error: something wrong went with the database connection.
2021-09-14T13:07:23.364Z [__UNIFARM__] info: manifest loaded. cohorts found 15
2021-09-14T13:07:23.498Z [__UNIFARM__] error: something wrong went with the database connection.
2021-09-14T13:08:02.591Z [__UNIFARM__] info: manifest loaded. cohorts found 15
2021-09-14T13:08:02.701Z [__UNIFARM__] error: something wrong went with the database connection.
2021-09-14T13:08:32.360Z [__UNIFARM__] error: something wrong went with the database connection.
2021-09-14T13:10:36.244Z [__UNIFARM__] error: something wrong went with the database connection.
2021-09-14T13:13:30.451Z [__UNIFARM__] error: Cannot create a "unifarm" connection because connection to the database already established.
2021-09-14T13:16:58.756Z [__UNIFARM__] error: Cannot create a "unifarm01" connection because connection to the database already established.
2021-09-14T13:17:23.759Z [__UNIFARM__] error: Cannot create a "default" connection because connection to the database already established.
2021-09-14T13:22:20.873Z [__UNIFARM__] error: Cannot create a "default" connection because connection to the database already established.
2021-09-14T13:23:19.690Z [__UNIFARM__] error: Cannot create a "Unifarm" connection because connection to the database already established.
2021-09-14T13:26:26.678Z [__UNIFARM__] error: Cannot create a "Unifarm" connection because connection to the database already established.
2021-09-14T13:33:03.467Z [__UNIFARM__] error: Cannot create a "Unifarm" connection because connection to the database already established.
2021-09-14T13:33:42.342Z [__UNIFARM__] error: Cannot create a "Unifarm" connection because connection to the database already established.
2021-09-14T13:33:55.360Z [__UNIFARM__] error: Cannot create a "Unifarm" connection because connection to the database already established.
2021-09-14T13:39:18.988Z [__UNIFARM__] error: Cannot create a "unifarm" connection because connection to the database already established.
2021-09-14T13:44:38.743Z [__UNIFARM__] error: Cannot create a "unifarm" connection because connection to the database already established.
2021-09-14T13:45:02.216Z [__UNIFARM__] error: Cannot create a "unifarm" connection because connection to the database already established.
2021-09-14T13:48:21.118Z [__UNIFARM__] info: connection established to unifarm
2021-09-14T13:49:39.315Z [__UNIFARM__] info: manifest loaded. cohorts found 15
2021-09-14T13:49:39.447Z [__UNIFARM__] info: connection established to unifarm
2021-09-14T13:51:42.316Z [__UNIFARM__] info: connection established to unifarm
2021-09-14T13:51:42.326Z [__UNIFARM__] info: manifest loaded. cohorts found 15
2021-09-14T13:57:04.714Z [__UNIFARM__] info: manifest loaded. cohorts found 15
2021-09-14T13:57:04.849Z [__UNIFARM__] info: connection established to unifarm
2021-09-14T13:57:36.075Z [__UNIFARM__] info: manifest loaded. cohorts found 15
2021-09-14T13:57:36.181Z [__UNIFARM__] info: connection established to unifarm
2021-09-14T13:58:46.169Z [__UNIFARM__] info: manifest loaded. cohorts found 15
2021-09-14T13:58:46.277Z [__UNIFARM__] info: connection established to unifarm
2021-09-14T13:59:12.482Z [__UNIFARM__] info: manifest loaded. cohorts found 15
2021-09-14T13:59:12.598Z [__UNIFARM__] info: connection established to unifarm
2021-09-14T14:00:01.276Z [__UNIFARM__] info: manifest loaded. cohorts found 15
2021-09-14T14:00:01.390Z [__UNIFARM__] info: connection established to unifarm
2021-09-14T14:00:46.030Z [__UNIFARM__] info: manifest loaded. cohorts found 15
2021-09-14T14:04:03.346Z [__UNIFARM__] info: manifest loaded. cohorts found 15
2021-09-14T14:04:03.473Z [__UNIFARM__] info: connection established to unifarm
2021-09-14T14:04:21.511Z [__UNIFARM__] info: manifest loaded. cohorts found 15
2021-09-14T14:04:21.623Z [__UNIFARM__] info: connection established to unifarm
2021-09-14T14:04:24.928Z [__UNIFARM__] info: Basic Actions Performed
2021-09-14T14:06:20.793Z [__UNIFARM__] info: manifest loaded. cohorts found 15
2021-09-14T14:06:20.878Z [__UNIFARM__] error: Data type "string" in "Cohort.cohortAddress" is not supported by "postgres" database.
2021-09-14T14:06:24.513Z [__UNIFARM__] info: Basic Actions Performed
2021-09-14T14:07:09.698Z [__UNIFARM__] info: manifest loaded. cohorts found 15
2021-09-14T14:07:09.787Z [__UNIFARM__] error: Data type "longtext" in "Cohort.cohortAddress" is not supported by "postgres" database.
2021-09-14T14:07:49.615Z [__UNIFARM__] info: manifest loaded. cohorts found 15
2021-09-14T14:07:49.722Z [__UNIFARM__] error: Data type "bytes" in "Cohort.cohortAddress" is not supported by "postgres" database.
2021-09-14T14:09:38.518Z [__UNIFARM__] info: manifest loaded. cohorts found 15
2021-09-14T14:09:38.609Z [__UNIFARM__] error: Data type "string" in "Cohort.cohortAddress" is not supported by "postgres" database.
2021-09-14T14:11:06.275Z [__UNIFARM__] info: manifest loaded. cohorts found 15
2021-09-14T14:11:06.388Z [__UNIFARM__] error: Data type "string" in "Cohort.stakeDuration" is not supported by "postgres" database.
2021-09-14T14:11:56.795Z [__UNIFARM__] info: manifest loaded. cohorts found 15
2021-09-14T14:11:56.895Z [__UNIFARM__] error: Column poolStartTime of Entity Cohort does not support length property.
2021-09-14T14:12:21.187Z [__UNIFARM__] info: manifest loaded. cohorts found 15
2021-09-14T14:12:21.275Z [__UNIFARM__] error: Data type "int64" in "Cohort.tokensCount" is not supported by "postgres" database.
2021-09-14T14:17:34.383Z [__UNIFARM__] info: manifest loaded. cohorts found 15
2021-09-14T14:17:34.564Z [__UNIFARM__] info: connection established to unifarm
2021-09-14T14:17:40.179Z [__UNIFARM__] info: manifest loaded. cohorts found 15
2021-09-14T14:17:40.342Z [__UNIFARM__] info: connection established to unifarm
2021-09-14T14:17:43.721Z [__UNIFARM__] info: Basic Actions Performed
2021-09-14T14:19:09.101Z [__UNIFARM__] info: manifest loaded. cohorts found 15
2021-09-14T14:19:09.263Z [__UNIFARM__] info: connection established to unifarm
2021-09-14T14:19:12.632Z [__UNIFARM__] info: Basic Actions Performed
2021-09-14T14:19:15.052Z [__UNIFARM__] info: Database Sync Successfully for the 1
2021-09-14T14:20:31.120Z [__UNIFARM__] info: manifest loaded. cohorts found 15
2021-09-14T14:20:31.284Z [__UNIFARM__] info: connection established to unifarm
2021-09-14T14:20:34.516Z [__UNIFARM__] info: Basic Actions Performed
2021-09-14T14:20:36.930Z [__UNIFARM__] info: Database Sync Successfully for the 1
2021-09-14T14:21:15.919Z [__UNIFARM__] info: manifest loaded. cohorts found 15
2021-09-14T14:21:16.081Z [__UNIFARM__] info: connection established to unifarm
2021-09-14T14:21:19.506Z [__UNIFARM__] info: Basic Actions Performed
2021-09-14T14:21:21.994Z [__UNIFARM__] info: Database Sync Successfully for the 1
2021-09-14T14:22:10.653Z [__UNIFARM__] info: manifest loaded. cohorts found 15
2021-09-14T14:22:10.813Z [__UNIFARM__] info: connection established to unifarm
2021-09-14T14:22:14.057Z [__UNIFARM__] info: Basic Actions Performed
2021-09-14T14:22:35.161Z [__UNIFARM__] info: Database Sync Successfully for the 1
2021-09-14T14:27:20.624Z [__UNIFARM__] info: manifest loaded. cohorts found 7
2021-09-14T14:27:20.675Z [__UNIFARM__] error: getaddrinfo ENOTFOUND undefined
2021-09-14T14:28:02.473Z [__UNIFARM__] info: manifest loaded. cohorts found 7
2021-09-14T14:28:02.624Z [__UNIFARM__] info: connection established to unifarm
2021-09-14T14:28:04.801Z [__UNIFARM__] info: Basic Actions Performed
2021-09-14T14:30:20.148Z [__UNIFARM__] info: manifest loaded. cohorts found 1
2021-09-14T14:30:20.288Z [__UNIFARM__] info: connection established to unifarm
2021-09-14T14:30:21.395Z [__UNIFARM__] info: Basic Actions Performed
2021-09-14T14:30:22.235Z [__UNIFARM__] info: Database Sync Successfully for the 56
2021-09-14T14:31:05.027Z [__UNIFARM__] info: manifest loaded. cohorts found 2
2021-09-14T14:31:05.160Z [__UNIFARM__] info: connection established to unifarm
2021-09-14T14:31:06.365Z [__UNIFARM__] info: Basic Actions Performed
2021-09-14T14:31:41.140Z [__UNIFARM__] info: manifest loaded. cohorts found 6
2021-09-14T14:31:41.287Z [__UNIFARM__] info: connection established to unifarm
2021-09-14T14:31:43.155Z [__UNIFARM__] info: Basic Actions Performed
2021-09-14T14:31:44.697Z [__UNIFARM__] info: Database Sync Successfully for the 56
2021-09-14T14:33:51.486Z [__UNIFARM__] info: manifest loaded. cohorts found 1
2021-09-14T14:33:51.621Z [__UNIFARM__] info: connection established to unifarm
2021-09-14T14:33:52.577Z [__UNIFARM__] info: Basic Actions Performed
2021-09-14T14:48:51.130Z [__UNIFARM__] info: manifest loaded. cohorts found 7
2021-09-14T14:48:51.279Z [__UNIFARM__] info: connection established to unifarm
2021-09-14T14:48:53.229Z [__UNIFARM__] info: Basic Actions Performed
2021-09-14T14:48:54.952Z [__UNIFARM__] info: Database Sync Successfully for the 56
2021-09-14T14:51:20.997Z [__UNIFARM__] info: manifest loaded. cohorts found 7
2021-09-14T14:51:21.164Z [__UNIFARM__] info: connection established to unifarm
2021-09-14T14:51:23.105Z [__UNIFARM__] info: Basic Actions Performed
2021-09-14T14:51:24.785Z [__UNIFARM__] info: Database Sync Successfully for the 56
2021-09-14T14:53:03.523Z [__UNIFARM__] info: manifest loaded. cohorts found 2
2021-09-14T14:53:03.700Z [__UNIFARM__] info: connection established to unifarm
2021-09-14T14:53:04.804Z [__UNIFARM__] info: Basic Actions Performed
2021-09-14T14:53:05.645Z [__UNIFARM__] info: Database Sync Successfully for the 81
2021-09-14T14:54:00.429Z [__UNIFARM__] info: manifest loaded. cohorts found 2
2021-09-14T14:54:00.583Z [__UNIFARM__] info: connection established to unifarm
2021-09-14T14:54:02.860Z [__UNIFARM__] info: Basic Actions Performed
2021-09-14T14:54:04.426Z [__UNIFARM__] info: Database Sync Successfully for the 81
2021-09-16T12:49:53.388Z [__UNIFARM__] info: RewardCap Json file created
2021-09-16T13:49:23.674Z [__UNIFARM__] info: manifest loaded. cohorts found 15
2021-09-16T13:49:23.721Z [__UNIFARM__] error: getaddrinfo ENOTFOUND undefined
2021-09-16T13:49:23.722Z [__UNIFARM__] error: Token Indexing Failed Reason: Class constructor Cohort cannot be invoked without 'new'
2021-09-16T13:51:55.273Z [__UNIFARM__] info: manifest loaded. cohorts found 15
2021-09-16T13:51:55.288Z [__UNIFARM__] error: getaddrinfo ENOTFOUND undefined
2021-09-16T13:54:53.954Z [__UNIFARM__] info: manifest loaded. cohorts found 15
2021-09-16T13:54:53.969Z [__UNIFARM__] error: getaddrinfo ENOTFOUND undefined
2021-09-16T13:57:37.296Z [__UNIFARM__] info: manifest loaded. cohorts found 15
2021-09-16T13:57:37.312Z [__UNIFARM__] error: getaddrinfo ENOTFOUND undefined
2021-09-16T14:05:17.660Z [__UNIFARM__] info: manifest loaded. cohorts found 15
2021-09-16T14:05:17.676Z [__UNIFARM__] error: getaddrinfo ENOTFOUND undefined
2021-09-16T14:05:39.309Z [__UNIFARM__] info: manifest loaded. cohorts found 15
2021-09-16T14:05:39.324Z [__UNIFARM__] error: getaddrinfo ENOTFOUND undefined
2021-09-16T14:06:39.401Z [__UNIFARM__] info: manifest loaded. cohorts found 15
2021-09-16T14:06:39.416Z [__UNIFARM__] error: getaddrinfo ENOTFOUND undefined
2021-09-16T14:07:53.828Z [__UNIFARM__] info: manifest loaded. cohorts found 15
2021-09-16T14:07:53.844Z [__UNIFARM__] error: getaddrinfo ENOTFOUND undefined
2021-09-16T14:09:48.981Z [__UNIFARM__] info: manifest loaded. cohorts found 15
2021-09-16T14:09:48.997Z [__UNIFARM__] error: getaddrinfo ENOTFOUND undefined
2021-09-16T14:10:41.236Z [__UNIFARM__] info: manifest loaded. cohorts found 15
2021-09-16T14:10:41.247Z [__UNIFARM__] error: getaddrinfo ENOTFOUND undefined
2021-09-16T14:14:40.656Z [__UNIFARM__] info: manifest loaded. cohorts found 15
2021-09-16T14:14:40.672Z [__UNIFARM__] error: getaddrinfo ENOTFOUND undefined
2021-09-16T14:16:32.272Z [__UNIFARM__] info: manifest loaded. cohorts found 15
2021-09-16T14:16:32.288Z [__UNIFARM__] error: getaddrinfo ENOTFOUND undefined
2021-09-16T14:19:00.599Z [__UNIFARM__] info: manifest loaded. cohorts found 15
2021-09-16T14:19:00.614Z [__UNIFARM__] error: getaddrinfo ENOTFOUND undefined
2021-09-16T14:19:20.134Z [__UNIFARM__] info: manifest loaded. cohorts found 15
2021-09-16T14:19:20.148Z [__UNIFARM__] error: getaddrinfo ENOTFOUND undefined
2021-09-16T14:21:19.517Z [__UNIFARM__] info: manifest loaded. cohorts found 15
2021-09-16T14:21:19.534Z [__UNIFARM__] error: getaddrinfo ENOTFOUND undefined
2021-09-16T14:23:26.959Z [__UNIFARM__] error: getaddrinfo ENOTFOUND undefined
2021-09-16T14:24:35.244Z [__UNIFARM__] info: manifest loaded. cohorts found 15
2021-09-16T14:24:35.430Z [__UNIFARM__] info: connection established to unifarm
2021-09-16T14:25:36.820Z [__UNIFARM__] info: manifest loaded. cohorts found 15
2021-09-16T14:25:36.927Z [__UNIFARM__] info: connection established to unifarm
2021-09-16T14:26:14.685Z [__UNIFARM__] info: manifest loaded. cohorts found 15
2021-09-16T14:26:14.800Z [__UNIFARM__] info: connection established to unifarm
2021-09-16T14:28:49.688Z [__UNIFARM__] info: manifest loaded. cohorts found 15
2021-09-16T14:28:49.815Z [__UNIFARM__] info: connection established to unifarm
2021-09-16T14:29:18.865Z [__UNIFARM__] info: manifest loaded. cohorts found 15
2021-09-16T14:29:18.978Z [__UNIFARM__] info: connection established to unifarm
2021-09-16T14:31:05.642Z [__UNIFARM__] info: manifest loaded. cohorts found 15
2021-09-16T14:31:05.760Z [__UNIFARM__] info: connection established to unifarm
2021-09-16T14:31:47.724Z [__UNIFARM__] info: manifest loaded. cohorts found 15
2021-09-16T14:31:47.848Z [__UNIFARM__] info: connection established to unifarm
2021-09-16T14:32:57.216Z [__UNIFARM__] info: manifest loaded. cohorts found 15
2021-09-16T14:32:57.326Z [__UNIFARM__] info: connection established to unifarm
2021-09-16T14:34:23.722Z [__UNIFARM__] info: manifest loaded. cohorts found 1
2021-09-16T14:34:23.836Z [__UNIFARM__] info: connection established to unifarm
2021-09-16T14:42:10.443Z [__UNIFARM__] info: manifest loaded. cohorts found 1
2021-09-16T14:42:10.570Z [__UNIFARM__] info: connection established to unifarm
2021-09-16T14:43:31.173Z [__UNIFARM__] info: manifest loaded. cohorts found 1
2021-09-16T14:43:31.289Z [__UNIFARM__] info: connection established to unifarm
2021-09-16T14:44:23.533Z [__UNIFARM__] info: connection established to unifarm
2021-09-16T14:44:33.440Z [__UNIFARM__] info: manifest loaded. cohorts found 1
2021-09-16T14:44:43.436Z [__UNIFARM__] info: manifest loaded. cohorts found 1
2021-09-16T14:46:25.559Z [__UNIFARM__] info: connection established to unifarm
2021-09-16T14:46:35.469Z [__UNIFARM__] info: manifest loaded. cohorts found 1
2021-09-16T14:48:01.236Z [__UNIFARM__] info: connection established to unifarm
2021-09-16T14:48:11.153Z [__UNIFARM__] info: manifest loaded. cohorts found 1
2021-09-16T14:49:02.449Z [__UNIFARM__] info: connection established to unifarm
2021-09-16T14:49:12.384Z [__UNIFARM__] info: manifest loaded. cohorts found 1
2021-09-16T14:57:28.557Z [__UNIFARM__] info: connection established to unifarm
2021-09-16T14:57:38.465Z [__UNIFARM__] info: manifest loaded. cohorts found 1
2021-09-16T14:58:43.601Z [__UNIFARM__] info: connection established to unifarm
2021-09-16T14:58:53.519Z [__UNIFARM__] info: manifest loaded. cohorts found 1
2021-09-16T14:59:42.465Z [__UNIFARM__] info: connection established to unifarm
2021-09-16T14:59:52.382Z [__UNIFARM__] info: manifest loaded. cohorts found 1
2021-09-16T15:00:28.772Z [__UNIFARM__] info: connection established to unifarm
2021-09-16T15:00:38.707Z [__UNIFARM__] info: manifest loaded. cohorts found 1
2021-09-16T15:01:11.280Z [__UNIFARM__] info: connection established to unifarm
2021-09-16T15:01:21.207Z [__UNIFARM__] info: manifest loaded. cohorts found 1
2021-09-16T15:02:06.359Z [__UNIFARM__] info: connection established to unifarm
2021-09-16T15:02:16.285Z [__UNIFARM__] info: manifest loaded. cohorts found 1
2021-09-16T15:03:02.285Z [__UNIFARM__] info: connection established to unifarm
2021-09-16T15:03:12.222Z [__UNIFARM__] info: manifest loaded. cohorts found 1
2021-09-16T15:06:08.248Z [__UNIFARM__] info: connection established to unifarm
2021-09-16T15:06:18.166Z [__UNIFARM__] info: manifest loaded. cohorts found 1
2021-09-16T15:07:11.245Z [__UNIFARM__] info: connection established to unifarm
2021-09-16T15:07:21.178Z [__UNIFARM__] info: manifest loaded. cohorts found 15
2021-09-16T15:24:55.351Z [__UNIFARM__] info: connection established to unifarm
2021-09-16T15:25:05.273Z [__UNIFARM__] info: manifest loaded. cohorts found 15
2021-09-16T15:25:05.511Z [__UNIFARM__] error: Token Indexing Failed Reason: Cannot read property 'tokenDetails' of undefined
2021-09-16T15:25:48.993Z [__UNIFARM__] info: connection established to unifarm
2021-09-16T15:25:58.925Z [__UNIFARM__] info: manifest loaded. cohorts found 15
2021-09-16T15:28:02.232Z [__UNIFARM__] info: connection established to unifarm
2021-09-16T15:28:12.162Z [__UNIFARM__] info: manifest loaded. cohorts found 15
2021-09-16T15:30:05.300Z [__UNIFARM__] info: connection established to unifarm
2021-09-17T05:00:32.440Z [__UNIFARM__] info: connection established to unifarm
2021-09-17T05:00:42.367Z [__UNIFARM__] info: manifest loaded. cohorts found 15
2021-09-17T05:04:28.718Z [__UNIFARM__] info: connection established to unifarm
2021-09-17T05:04:38.651Z [__UNIFARM__] info: manifest loaded. cohorts found 15
2021-09-17T05:10:53.949Z [__UNIFARM__] info: connection established to unifarm
2021-09-17T05:11:03.857Z [__UNIFARM__] info: manifest loaded. cohorts found 15
2021-09-17T05:11:51.810Z [__UNIFARM__] info: connection established to unifarm
2021-09-17T05:12:01.730Z [__UNIFARM__] info: manifest loaded. cohorts found 15
2021-09-17T05:22:48.412Z [__UNIFARM__] info: connection established to unifarm
2021-09-17T05:22:58.328Z [__UNIFARM__] info: manifest loaded. cohorts found 15
2021-09-17T05:30:41.971Z [__UNIFARM__] info: connection established to unifarm
2021-09-17T05:30:51.880Z [__UNIFARM__] info: manifest loaded. cohorts found 15
2021-09-19T15:41:06.008Z [__UNIFARM__] error: getaddrinfo ENOTFOUND undefined
2021-09-19T15:42:22.876Z [__UNIFARM__] error: connect ECONNREFUSED 127.0.0.1:5432
2021-09-19T15:42:26.897Z [__UNIFARM__] info: manifest loaded. cohorts found 15
2021-09-19T15:42:26.912Z [__UNIFARM__] error: Token Indexing Failed Reason: Cannot read property 'length' of undefined
2021-09-19T15:42:56.774Z [__UNIFARM__] info: connection established to unifarm
2021-09-19T15:43:00.654Z [__UNIFARM__] info: manifest loaded. cohorts found 15
2021-09-19T15:46:02.815Z [__UNIFARM__] info: connection established to unifarm
2021-09-19T15:46:06.715Z [__UNIFARM__] info: manifest loaded. cohorts found 3
2021-09-19T15:47:14.791Z [__UNIFARM__] info: connection established to unifarm
2021-09-19T15:47:18.707Z [__UNIFARM__] info: manifest loaded. cohorts found 3
2021-09-19T15:48:07.842Z [__UNIFARM__] info: connection established to unifarm
2021-09-19T15:48:11.760Z [__UNIFARM__] info: manifest loaded. cohorts found 1
2021-09-19T15:49:04.642Z [__UNIFARM__] info: connection established to unifarm
2021-09-19T15:49:08.584Z [__UNIFARM__] info: manifest loaded. cohorts found 1
2021-09-19T15:52:30.308Z [__UNIFARM__] info: connection established to unifarm
2021-09-19T15:52:34.229Z [__UNIFARM__] info: manifest loaded. cohorts found 1
2021-09-19T15:56:46.952Z [__UNIFARM__] info: connection established to unifarm
2021-09-19T15:56:50.885Z [__UNIFARM__] info: manifest loaded. cohorts found 1
2021-09-19T16:17:08.947Z [__UNIFARM__] info: connection established to unifarm
2021-09-19T16:17:12.886Z [__UNIFARM__] info: manifest loaded. cohorts found 15
2021-09-19T16:17:23.265Z [__UNIFARM__] error: Token Indexing Failed Reason: missing revert data in call exception (error={"reason":"processing response error","code":"SERVER_ERROR","body":"{\"jsonrpc\":\"2.0\",\"id\":486,\"error\":{\"code\":-32000,\"message\":\"execution reverted\"}}\n","error":{"code":-32000},"requestBody":"{\"method\":\"eth_call\",\"params\":[{\"to\":\"0x1c14eb2f2bf443557fc131b3f6f4e929c0081346\",\"data\":\"0x539cd3b4000000000000000000000000c02aaa39b223fe8d0a0e5c4f27ead9083c756cc20000000000000000000000000000000000000000000000000000000000000001\"},\"latest\"],\"id\":486,\"jsonrpc\":\"2.0\"}","requestMethod":"POST","url":"https://speedy-nodes-nyc.moralis.io/dec2412db64dbb40e0016a68/eth/mainnet/archive"}, data="0x", code=CALL_EXCEPTION, version=providers/5.4.5)
2021-09-19T16:18:16.126Z [__UNIFARM__] info: connection established to unifarm
2021-09-19T16:18:20.060Z [__UNIFARM__] info: manifest loaded. cohorts found 15
2021-09-19T16:18:37.221Z [__UNIFARM__] error: Token Indexing Failed Reason: missing revert data in call exception (error={"reason":"processing response error","code":"SERVER_ERROR","body":"{\"jsonrpc\":\"2.0\",\"id\":490,\"error\":{\"code\":-32000,\"message\":\"execution reverted\"}}","error":{"code":-32000},"requestBody":"{\"method\":\"eth_call\",\"params\":[{\"to\":\"0x32d72d6cc98436ef983be7f5288ab2ca63480fe4\",\"data\":\"0x539cd3b4000000000000000000000000a0b86991c6218b36c1d19d4a2e9eb0ce3606eb480000000000000000000000000000000000000000000000000000000000000001\"},\"latest\"],\"id\":490,\"jsonrpc\":\"2.0\"}","requestMethod":"POST","url":"https://mainnet.infura.io/v3/97e10ae5a3f64d429716decbb5746db7"}, data="0x", code=CALL_EXCEPTION, version=providers/5.4.5)
2021-09-20T10:12:42.483Z [__UNIFARM__] error: getaddrinfo ENOTFOUND undefined
2021-09-20T10:12:42.497Z [__UNIFARM__] error: Stake event sync failed...
2021-09-20T10:13:16.222Z [__UNIFARM__] error: connect ECONNREFUSED 127.0.0.1:5432
2021-09-20T10:14:07.625Z [__UNIFARM__] info: connection established to unifarm
2021-09-20T10:15:39.897Z [__UNIFARM__] info: Stake event fetch successfully
2021-09-20T13:20:58.513Z [__UNIFARM__] info: Stake event fetch successfully
2021-09-20T13:24:10.161Z [__UNIFARM__] info: Stake event fetch successfully
2021-09-20T13:43:14.409Z [__UNIFARM__] info: Stake event fetch successfully
2021-09-20T13:52:16.145Z [__UNIFARM__] info: Stake event fetch successfully
2021-09-20T13:57:55.474Z [__UNIFARM__] info: Stake event fetch successfully
2021-09-20T13:59:16.652Z [__UNIFARM__] info: Stake event fetch successfully
2021-09-20T14:01:35.866Z [__UNIFARM__] info: Stake event fetch successfully
2021-09-20T14:07:06.366Z [__UNIFARM__] info: Stake event fetch successfully
2021-09-20T14:13:06.261Z [__UNIFARM__] error: Stake event sync failed...
2021-09-20T14:14:15.032Z [__UNIFARM__] info: Stake event fetch successfully
2021-09-20T14:14:54.163Z [__UNIFARM__] info: Stake event fetch successfully
2021-09-20T14:17:46.981Z [__UNIFARM__] info: Stake event fetch successfully
2021-09-20T14:17:47.021Z [__UNIFARM__] info: total stakes in ethereum cohorts 4892
2021-09-20T14:23:49.106Z [__UNIFARM__] info: Stake event fetch successfully
2021-09-20T14:23:49.154Z [__UNIFARM__] info: total stakes in ethereum cohorts 4892
2021-09-20T14:26:21.963Z [__UNIFARM__] info: Stake event fetch successfully
2021-09-20T14:26:22.003Z [__UNIFARM__] info: total stakes in ethereum cohorts 4892
